Build started 12/13/2015 8:43:28 PM.
     1>Project "D:\Old Classes\DataStructures\HuffmanEncoding\puff.cpp\puff.cpp\puff.cpp.vcxproj" on node 2 (Build target(s)).
     1>ClCompile:
         C:\Program Files (x86)\Microsoft Visual Studio 12.0\VC\bin\CL.exe /c /ZI /nologo /W3 /WX- /sdl /Od /Oy- /D _MBCS /Gm /EHsc /RTC1 /MDd /GS /fp:precise /Zc:wchar_t /Zc:forScope /Fo"Debug\\" /Fd"Debug\vc120.pdb" /Gd /TP /analyze- /errorReport:prompt bit_io.cpp puff.cpp
         puff.cpp
     1>d:\old classes\datastructures\huffmanencoding\puff.cpp\puff.cpp\puff.cpp(77): warning C4101: 'c' : unreferenced local variable
     1>d:\old classes\datastructures\huffmanencoding\puff.cpp\puff.cpp\bit_io.hpp(261): warning C4805: '|' : unsafe mix of type 'int' and type 'bool' in operation
                 d:\old classes\datastructures\huffmanencoding\puff.cpp\puff.cpp\puff.cpp(37) : see reference to function template instantiation 'eecs214::bifstream &eecs214::bifstream::read_bits<int>(T &,size_t)' being compiled
                 with
                 [
                     T=int
                 ]
     1>d:\old classes\datastructures\huffmanencoding\puff.cpp\puff.cpp\bit_io.hpp(261): warning C4805: '|' : unsafe mix of type 'unsigned int' and type 'bool' in operation
                 d:\old classes\datastructures\huffmanencoding\puff.cpp\puff.cpp\puff.cpp(80) : see reference to function template instantiation 'eecs214::bifstream &eecs214::bifstream::read_bits<unsigned int>(T &,size_t)' being compiled
                 with
                 [
                     T=unsigned int
                 ]
         bit_io.cpp
         Generating Code...
       Link:
         C:\Program Files (x86)\Microsoft Visual Studio 12.0\VC\bin\link.exe /ERRORREPORT:PROMPT /OUT:"D:\Old Classes\DataStructures\HuffmanEncoding\puff.cpp\Debug\puff.cpp.exe" /INCREMENTAL /NOLOGO kernel32.lib user32.lib gdi32.lib winspool.lib comdlg32.lib advapi32.lib shell32.lib ole32.lib oleaut32.lib uuid.lib odbc32.lib odbccp32.lib /MANIFEST /MANIFESTUAC:"level='asInvoker' uiAccess='false'" /manifest:embed /DEBUG /PDB:"D:\Old Classes\DataStructures\HuffmanEncoding\puff.cpp\Debug\puff.cpp.pdb" /TLBID:1 /DYNAMICBASE /NXCOMPAT /IMPLIB:"D:\Old Classes\DataStructures\HuffmanEncoding\puff.cpp\Debug\puff.cpp.lib" /MACHINE:X86 Debug\bit_io.obj
         Debug\puff.obj
         puff.cpp.vcxproj -> D:\Old Classes\DataStructures\HuffmanEncoding\puff.cpp\Debug\puff.cpp.exe
     1>Done Building Project "D:\Old Classes\DataStructures\HuffmanEncoding\puff.cpp\puff.cpp\puff.cpp.vcxproj" (Build target(s)).

Build succeeded.

Time Elapsed 00:00:01.49
